2023-10-14 14:00:48,297:DEBUG:certbot._internal.main:certbot version: 2.7.1
2023-10-14 14:00:48,298:DEBUG:certbot._internal.main:Location of certbot entry point: /usr/local/bin/certbot
2023-10-14 14:00:48,298:DEBUG:certbot._internal.main:Arguments: ['--webroot', '--webroot-path=/var/www/html', '--email', 'youremail@domain.com', '--agree-tos', '--no-eff-email', '-d', 'domain.com', '-d', 'www.domain.com']
2023-10-14 14:00:48,298:DEBUG:certbot._internal.main:Discovered plugins: PluginsRegistry(PluginEntryPoint#manual,PluginEntryPoint#null,PluginEntryPoint#standalone,PluginEntryPoint#webroot)
2023-10-14 14:00:48,318:DEBUG:certbot._internal.log:Root logging level set at 30
2023-10-14 14:00:48,319:DEBUG:certbot._internal.plugins.selection:Requested authenticator webroot and installer None
2023-10-14 14:00:48,319:DEBUG:certbot._internal.plugins.selection:Single candidate plugin: * webroot
Description: Saves the necessary validation files to a .well-known/acme-challenge/ directory within the nominated webroot path. A seperate HTTP server must be running and serving files from the webroot path. HTTP challenge only (wildcards not supported).
Interfaces: Authenticator, Plugin
Entry point: EntryPoint(name='webroot', value='certbot._internal.plugins.webroot:Authenticator', group='certbot.plugins')
Initialized: <certbot._internal.plugins.webroot.Authenticator object at 0x7f90be088490>
Prep: True
2023-10-14 14:00:48,320:DEBUG:certbot._internal.plugins.selection:Selected authenticator <certbot._internal.plugins.webroot.Authenticator object at 0x7f90be088490> and installer None
2023-10-14 14:00:48,320:INFO:certbot._internal.plugins.selection:Plugins selected: Authenticator webroot, Installer None
2023-10-14 14:00:48,381:DEBUG:certbot._internal.main:Picked account: <Account(RegistrationResource(body=Registration(key=None, contact=(), agreement=None, status=None, terms_of_service_agreed=None, only_return_existing=None, external_account_binding=None), uri='https://acme-v02.api.letsencrypt.org/acme/acct/1360385506', new_authzr_uri=None, terms_of_service=None), e3b62faa86237a68aca24f6487fac28e, Meta(creation_dt=datetime.datetime(2023, 10, 14, 13, 39, 51, tzinfo=<UTC>), creation_host='e68f7a9a9fa1', register_to_eff=None))>
2023-10-14 14:00:48,382:DEBUG:acme.client:Sending GET request to https://acme-v02.api.letsencrypt.org/directory.
2023-10-14 14:00:48,386:DEBUG:urllib3.connectionpool:Starting new HTTPS connection (1): acme-v02.api.letsencrypt.org:443
2023-10-14 14:00:49,090:DEBUG:urllib3.connectionpool:https://acme-v02.api.letsencrypt.org:443 "GET /directory HTTP/1.1" 200 752
2023-10-14 14:00:49,091:DEBUG:acme.client:Received response:
HTTP 200
Server: nginx
Date: Sat, 14 Oct 2023 14:00:48 GMT
Content-Type: application/json
Content-Length: 752
Connection: keep-alive
Cache-Control: public, max-age=0, no-cache
X-Frame-Options: DENY
Strict-Transport-Security: max-age=604800

{
  "YejB_fQC9_4": "https://community.letsencrypt.org/t/adding-random-entries-to-the-directory/33417",
  "keyChange": "https://acme-v02.api.letsencrypt.org/acme/key-change",
  "meta": {
    "caaIdentities": [
      "letsencrypt.org"
    ],
    "termsOfService": "https://letsencrypt.org/documents/LE-SA-v1.3-September-21-2022.pdf",
    "website": "https://letsencrypt.org"
  },
  "newAccount": "https://acme-v02.api.letsencrypt.org/acme/new-acct",
  "newNonce": "https://acme-v02.api.letsencrypt.org/acme/new-nonce",
  "newOrder": "https://acme-v02.api.letsencrypt.org/acme/new-order",
  "renewalInfo": "https://acme-v02.api.letsencrypt.org/draft-ietf-acme-ari-01/renewalInfo/",
  "revokeCert": "https://acme-v02.api.letsencrypt.org/acme/revoke-cert"
}
2023-10-14 14:00:49,092:DEBUG:certbot._internal.display.obj:Notifying user: Requesting a certificate for domain.com and www.domain.com
2023-10-14 14:00:49,103:DEBUG:acme.client:Requesting fresh nonce
2023-10-14 14:00:49,103:DEBUG:acme.client:Sending HEAD request to https://acme-v02.api.letsencrypt.org/acme/new-nonce.
2023-10-14 14:00:49,337:DEBUG:urllib3.connectionpool:https://acme-v02.api.letsencrypt.org:443 "HEAD /acme/new-nonce HTTP/1.1" 200 0
2023-10-14 14:00:49,338:DEBUG:acme.client:Received response:
HTTP 200
Server: nginx
Date: Sat, 14 Oct 2023 14:00:49 GMT
Connection: keep-alive
Cache-Control: public, max-age=0, no-cache
Link: <https://acme-v02.api.letsencrypt.org/directory>;rel="index"
Replay-Nonce: _s_5u1NQh_BGMGkIJn7DXynmUof-PiWT1MNav6JFJhTMgXEHsD4
X-Frame-Options: DENY
Strict-Transport-Security: max-age=604800


2023-10-14 14:00:49,339:DEBUG:acme.client:Storing nonce: _s_5u1NQh_BGMGkIJn7DXynmUof-PiWT1MNav6JFJhTMgXEHsD4
2023-10-14 14:00:49,339:DEBUG:acme.client:JWS payload:
b'{\n  "identifiers": [\n    {\n      "type": "dns",\n      "value": "domain.com"\n    },\n    {\n      "type": "dns",\n      "value": "www.domain.com"\n    }\n  ]\n}'
2023-10-14 14:00:49,343:DEBUG:acme.client:Sending POST request to https://acme-v02.api.letsencrypt.org/acme/new-order:
{
  "protected": "eyJhbGciOiAiUlMyNTYiLCAia2lkIjogImh0dHBzOi8vYWNtZS12MDIuYXBpLmxldHNlbmNyeXB0Lm9yZy9hY21lL2FjY3QvMTM2MDM4NTUwNiIsICJub25jZSI6ICJfc181dTFOUWhfQkdNR2tJSm43RFh5bm1Vb2YtUGlXVDFNTmF2NkpGSmhUTWdYRUhzRDQiLCAidXJsIjogImh0dHBzOi8vYWNtZS12MDIuYXBpLmxldHNlbmNyeXB0Lm9yZy9hY21lL25ldy1vcmRlciJ9",
  "signature": "paQiBw9f-DMxQKYtdb3dDM-Nr-PXaZu2DTcAWB_1nIIvd2hFwabsT90d0qqEwY0uBqWWZDIHb1PbKkb8o143tn-vE1tkUQjy0DX1jruGImzUNwdBNZzwslTR28L7QMYZlfFx8slSKv8z8TNB7XI8nH7f00Qyoa8vGATbVt5mvNWNFjHFWvbid3kS1P8rU1IvWSs7_5N0G3tcNgVhmT9JPyAPcvZDRW3oN4UUjMBGZJckAXOelkR5knOyMqnm2vF-aQa-q01uHv67UDjVQ7vqHQ80_qBbWRfi_wgF3kzSKLbU98N_9JIX3z6UEo638v0zYMqEMSQNXmMqN1JN1NEa7A",
  "payload": "ewogICJpZGVudGlmaWVycyI6IFsKICAgIHsKICAgICAgInR5cGUiOiAiZG5zIiwKICAgICAgInZhbHVlIjogImRvbWFpbi5jb20iCiAgICB9LAogICAgewogICAgICAidHlwZSI6ICJkbnMiLAogICAgICAidmFsdWUiOiAid3d3LmRvbWFpbi5jb20iCiAgICB9CiAgXQp9"
}
2023-10-14 14:00:49,599:DEBUG:urllib3.connectionpool:https://acme-v02.api.letsencrypt.org:443 "POST /acme/new-order HTTP/1.1" 201 473
2023-10-14 14:00:49,600:DEBUG:acme.client:Received response:
HTTP 201
Server: nginx
Date: Sat, 14 Oct 2023 14:00:49 GMT
Content-Type: application/json
Content-Length: 473
Connection: keep-alive
Boulder-Requester: 1360385506
Cache-Control: public, max-age=0, no-cache
Link: <https://acme-v02.api.letsencrypt.org/directory>;rel="index"
Location: https://acme-v02.api.letsencrypt.org/acme/order/1360385506/215038312656
Replay-Nonce: IAvmRRVVHsvIEgIPpMYxgDm9XcW-ACnvUbrq34VXb4H3Z6rkMWk
X-Frame-Options: DENY
Strict-Transport-Security: max-age=604800

{
  "status": "pending",
  "expires": "2023-10-21T14:00:49Z",
  "identifiers": [
    {
      "type": "dns",
      "value": "domain.com"
    },
    {
      "type": "dns",
      "value": "www.domain.com"
    }
  ],
  "authorizations": [
    "https://acme-v02.api.letsencrypt.org/acme/authz-v3/273796558916",
    "https://acme-v02.api.letsencrypt.org/acme/authz-v3/273796558926"
  ],
  "finalize": "https://acme-v02.api.letsencrypt.org/acme/finalize/1360385506/215038312656"
}
2023-10-14 14:00:49,601:DEBUG:acme.client:Storing nonce: IAvmRRVVHsvIEgIPpMYxgDm9XcW-ACnvUbrq34VXb4H3Z6rkMWk
2023-10-14 14:00:49,601:DEBUG:acme.client:JWS payload:
b''
2023-10-14 14:00:49,603:DEBUG:acme.client:Sending POST request to https://acme-v02.api.letsencrypt.org/acme/authz-v3/273796558916:
{
  "protected": "eyJhbGciOiAiUlMyNTYiLCAia2lkIjogImh0dHBzOi8vYWNtZS12MDIuYXBpLmxldHNlbmNyeXB0Lm9yZy9hY21lL2FjY3QvMTM2MDM4NTUwNiIsICJub25jZSI6ICJJQXZtUlJWVkhzdklFZ0lQcE1ZeGdEbTlYY1ctQUNudlVicnEzNFZYYjRIM1o2cmtNV2siLCAidXJsIjogImh0dHBzOi8vYWNtZS12MDIuYXBpLmxldHNlbmNyeXB0Lm9yZy9hY21lL2F1dGh6LXYzLzI3Mzc5NjU1ODkxNiJ9",
  "signature": "b5SlvyB_tzOkO4ulUeQfO5rMJ9STEI5StRW5QEFrgQ5z-gdbh32s0DYCytvzxxX6lMM1PrfYBh5Md2uF8nQ8zE1DxD9Za9qxLEmqWcVSBAUruKkOTqy2CfqYxW7_J6NXWOB3hZ9HuKUFRlOgVIBShvilS9U43RCY4KuB_m9MTffqe57dc2mmODb_6bY-3xyxnkEWsnj4_zcAn5P-GIxWmCTEbaqqbSJSYH5o_nqResq7DV4rK9QbRUm1jsCq9BVPjrnY9CRgBuB4w-5p1O9SJLTPvhQp6PYaW7HL2yAw641yNzGDbdKAzX7y4TbVAlSg0BCnZ8FH6l7HZYT_vo5JOw",
  "payload": ""
}
2023-10-14 14:00:49,830:DEBUG:urllib3.connectionpool:https://acme-v02.api.letsencrypt.org:443 "POST /acme/authz-v3/273796558916 HTTP/1.1" 200 794
2023-10-14 14:00:49,830:DEBUG:acme.client:Received response:
HTTP 200
Server: nginx
Date: Sat, 14 Oct 2023 14:00:49 GMT
Content-Type: application/json
Content-Length: 794
Connection: keep-alive
Boulder-Requester: 1360385506
Cache-Control: public, max-age=0, no-cache
Link: <https://acme-v02.api.letsencrypt.org/directory>;rel="index"
Replay-Nonce: _s_5u1NQc-jnu4oaJ7ehtJ_4GyPmT-QCeg8AlWe5AAvveJsp3To
X-Frame-Options: DENY
Strict-Transport-Security: max-age=604800

{
  "identifier": {
    "type": "dns",
    "value": "domain.com"
  },
  "status": "pending",
  "expires": "2023-10-21T14:00:49Z",
  "challenges": [
    {
      "type": "http-01",
      "status": "pending",
      "url": "https://acme-v02.api.letsencrypt.org/acme/chall-v3/273796558916/uOhz7w",
      "token": "V_5vpkXSH1JSnkPbaHdvMrmpIW5uEOp60ds6pE2D2i8"
    },
    {
      "type": "dns-01",
      "status": "pending",
      "url": "https://acme-v02.api.letsencrypt.org/acme/chall-v3/273796558916/pEI2Qw",
      "token": "V_5vpkXSH1JSnkPbaHdvMrmpIW5uEOp60ds6pE2D2i8"
    },
    {
      "type": "tls-alpn-01",
      "status": "pending",
      "url": "https://acme-v02.api.letsencrypt.org/acme/chall-v3/273796558916/3n2bfA",
      "token": "V_5vpkXSH1JSnkPbaHdvMrmpIW5uEOp60ds6pE2D2i8"
    }
  ]
}
2023-10-14 14:00:49,831:DEBUG:acme.client:Storing nonce: _s_5u1NQc-jnu4oaJ7ehtJ_4GyPmT-QCeg8AlWe5AAvveJsp3To
2023-10-14 14:00:49,831:DEBUG:acme.client:JWS payload:
b''
2023-10-14 14:00:49,832:DEBUG:acme.client:Sending POST request to https://acme-v02.api.letsencrypt.org/acme/authz-v3/273796558926:
{
  "protected": "eyJhbGciOiAiUlMyNTYiLCAia2lkIjogImh0dHBzOi8vYWNtZS12MDIuYXBpLmxldHNlbmNyeXB0Lm9yZy9hY21lL2FjY3QvMTM2MDM4NTUwNiIsICJub25jZSI6ICJfc181dTFOUWMtam51NG9hSjdlaHRKXzRHeVBtVC1RQ2VnOEFsV2U1QUF2dmVKc3AzVG8iLCAidXJsIjogImh0dHBzOi8vYWNtZS12MDIuYXBpLmxldHNlbmNyeXB0Lm9yZy9hY21lL2F1dGh6LXYzLzI3Mzc5NjU1ODkyNiJ9",
  "signature": "EfnbwbwuydkOunGXy8f8w_ArQvU2jykTy39M0QMiF6eCWZIeJA5huBIDrzeUrnayV7mILE8tApWOCHONf5lg_rcLkA-MvyWfCvJ8RiickMq3Mrh7yFHme_fJ5iZ7IaXzkXSdFKlBV_hgsxnEfzH3Xcf0fl9uyjcSFzgJg_iyO4f8FHGnCxSSARhp0lqmimnSJQYrthjA2wZdNIthtc1YG8nS8mm4C-cUkrQ8uTYcbrAs28l4Gl6-uAchrNK_vNpZdIEKIPzATVZW6e7PcNg6etqYr8WmLcpX5exL0aG8Tm45lavmX1NmsPOtiy8RNS_mykcJLVgFQzcsN2mbwN7P9A",
  "payload": ""
}
2023-10-14 14:00:50,061:DEBUG:urllib3.connectionpool:https://acme-v02.api.letsencrypt.org:443 "POST /acme/authz-v3/273796558926 HTTP/1.1" 200 798
2023-10-14 14:00:50,062:DEBUG:acme.client:Received response:
HTTP 200
Server: nginx
Date: Sat, 14 Oct 2023 14:00:49 GMT
Content-Type: application/json
Content-Length: 798
Connection: keep-alive
Boulder-Requester: 1360385506
Cache-Control: public, max-age=0, no-cache
Link: <https://acme-v02.api.letsencrypt.org/directory>;rel="index"
Replay-Nonce: IAvmRRVVPSWLEfYuJaW5eGPW8YM2mOM-nRcW07f_dHEDQIQR-9U
X-Frame-Options: DENY
Strict-Transport-Security: max-age=604800

{
  "identifier": {
    "type": "dns",
    "value": "www.domain.com"
  },
  "status": "pending",
  "expires": "2023-10-21T14:00:49Z",
  "challenges": [
    {
      "type": "http-01",
      "status": "pending",
      "url": "https://acme-v02.api.letsencrypt.org/acme/chall-v3/273796558926/r5Q1Cw",
      "token": "OHR3_oC8YAjiXh2x9LvO0aCcXjuUMbCh4GL89oS3r3w"
    },
    {
      "type": "dns-01",
      "status": "pending",
      "url": "https://acme-v02.api.letsencrypt.org/acme/chall-v3/273796558926/uhumRg",
      "token": "OHR3_oC8YAjiXh2x9LvO0aCcXjuUMbCh4GL89oS3r3w"
    },
    {
      "type": "tls-alpn-01",
      "status": "pending",
      "url": "https://acme-v02.api.letsencrypt.org/acme/chall-v3/273796558926/MGvgpg",
      "token": "OHR3_oC8YAjiXh2x9LvO0aCcXjuUMbCh4GL89oS3r3w"
    }
  ]
}
2023-10-14 14:00:50,062:DEBUG:acme.client:Storing nonce: IAvmRRVVPSWLEfYuJaW5eGPW8YM2mOM-nRcW07f_dHEDQIQR-9U
2023-10-14 14:00:50,063:INFO:certbot._internal.auth_handler:Performing the following challenges:
2023-10-14 14:00:50,063:INFO:certbot._internal.auth_handler:http-01 challenge for domain.com
2023-10-14 14:00:50,063:INFO:certbot._internal.auth_handler:http-01 challenge for www.domain.com
2023-10-14 14:00:50,064:INFO:certbot._internal.plugins.webroot:Using the webroot path /var/www/html for all unmatched domains.
2023-10-14 14:00:50,064:DEBUG:certbot._internal.plugins.webroot:Creating root challenges validation dir at /var/www/html/.well-known/acme-challenge
2023-10-14 14:00:50,065:DEBUG:certbot._internal.plugins.webroot:Creating root challenges validation dir at /var/www/html/.well-known/acme-challenge
2023-10-14 14:00:50,066:DEBUG:certbot._internal.plugins.webroot:Attempting to save validation to /var/www/html/.well-known/acme-challenge/V_5vpkXSH1JSnkPbaHdvMrmpIW5uEOp60ds6pE2D2i8
2023-10-14 14:00:50,067:DEBUG:certbot._internal.plugins.webroot:Attempting to save validation to /var/www/html/.well-known/acme-challenge/OHR3_oC8YAjiXh2x9LvO0aCcXjuUMbCh4GL89oS3r3w
2023-10-14 14:00:50,067:DEBUG:acme.client:JWS payload:
b'{}'
2023-10-14 14:00:50,068:DEBUG:acme.client:Sending POST request to https://acme-v02.api.letsencrypt.org/acme/chall-v3/273796558916/uOhz7w:
{
  "protected": "eyJhbGciOiAiUlMyNTYiLCAia2lkIjogImh0dHBzOi8vYWNtZS12MDIuYXBpLmxldHNlbmNyeXB0Lm9yZy9hY21lL2FjY3QvMTM2MDM4NTUwNiIsICJub25jZSI6ICJJQXZtUlJWVlBTV0xFZll1SmFXNWVHUFc4WU0ybU9NLW5SY1cwN2ZfZEhFRFFJUVItOVUiLCAidXJsIjogImh0dHBzOi8vYWNtZS12MDIuYXBpLmxldHNlbmNyeXB0Lm9yZy9hY21lL2NoYWxsLXYzLzI3Mzc5NjU1ODkxNi91T2h6N3cifQ",
  "signature": "q7pU6U76TtnRKk4JLyYq3riCfvUsQqvYl9wZJKnJXyWvEOMQijq9BNES2psQDfuNSceffv2anchmvbzVHnz81SUuyNmcApsfVGBIp_zlroKeOshvWMDkByWsRS3hhJHfr1pHt-7cQui4S_AlHq2qtR64iss1ZeZReRIrbhV18toq5xGmntNXcCvCx387lQmq_dJMUSPbZEBiu632wIaAbttY3OcB-Ka2-gj-af8PROfTNy2ytip3uA4JVkV-9UYyhgdGV0ELOGztcB5I34DEFh4HBov6UiJ1wqCq722IW356MHJajWprA2AqRM6ZPofY40dWqrWBDF8Fi9CiibVQNA",
  "payload": "e30"
}
2023-10-14 14:00:50,308:DEBUG:urllib3.connectionpool:https://acme-v02.api.letsencrypt.org:443 "POST /acme/chall-v3/273796558916/uOhz7w HTTP/1.1" 200 187
2023-10-14 14:00:50,309:DEBUG:acme.client:Received response:
HTTP 200
Server: nginx
Date: Sat, 14 Oct 2023 14:00:50 GMT
Content-Type: application/json
Content-Length: 187
Connection: keep-alive
Boulder-Requester: 1360385506
Cache-Control: public, max-age=0, no-cache
Link: <https://acme-v02.api.letsencrypt.org/directory>;rel="index", <https://acme-v02.api.letsencrypt.org/acme/authz-v3/273796558916>;rel="up"
Location: https://acme-v02.api.letsencrypt.org/acme/chall-v3/273796558916/uOhz7w
Replay-Nonce: _s_5u1NQZ6fujsbswloM-iV5JFMMaYVhu3lsFA8-lKlHz-OLa68
X-Frame-Options: DENY
Strict-Transport-Security: max-age=604800

{
  "type": "http-01",
  "status": "pending",
  "url": "https://acme-v02.api.letsencrypt.org/acme/chall-v3/273796558916/uOhz7w",
  "token": "V_5vpkXSH1JSnkPbaHdvMrmpIW5uEOp60ds6pE2D2i8"
}
2023-10-14 14:00:50,310:DEBUG:acme.client:Storing nonce: _s_5u1NQZ6fujsbswloM-iV5JFMMaYVhu3lsFA8-lKlHz-OLa68
2023-10-14 14:00:50,310:DEBUG:acme.client:JWS payload:
b'{}'
2023-10-14 14:00:50,313:DEBUG:acme.client:Sending POST request to https://acme-v02.api.letsencrypt.org/acme/chall-v3/273796558926/r5Q1Cw:
{
  "protected": "eyJhbGciOiAiUlMyNTYiLCAia2lkIjogImh0dHBzOi8vYWNtZS12MDIuYXBpLmxldHNlbmNyeXB0Lm9yZy9hY21lL2FjY3QvMTM2MDM4NTUwNiIsICJub25jZSI6ICJfc181dTFOUVo2ZnVqc2Jzd2xvTS1pVjVKRk1NYVlWaHUzbHNGQTgtbEtsSHotT0xhNjgiLCAidXJsIjogImh0dHBzOi8vYWNtZS12MDIuYXBpLmxldHNlbmNyeXB0Lm9yZy9hY21lL2NoYWxsLXYzLzI3Mzc5NjU1ODkyNi9yNVExQ3cifQ",
  "signature": "lJOcTfW6dIxHRW13NCE6ZepeRJZ9LlBzx0aZUZnQfPuZ7HuGUHF85yMtANFhhP5Skbx5zKPMvArAUa-IOFYebKmkv4hRjKz-5Dd5Z2eTA-XOIG3hc9hG4p8Hj5QhNWtzRJ0HVue_6pTo7WDh6O8fWHS4SZS5a-RV1lJCZLvIlr4BjZyJyj-XP0JFn49M3t5Bg9rMdn-eA_zgDwZz_g0QmcUjjR010eXEEJbE_cX7wcpp-VlFerNk-UlvqEXAkRA_v9plgyRHzzyrHoLl4KjxANT5P4PQX_6wT-VCQ2PNeNeazXE6h0h0bP2pZYQ6WA_lbfNzx5ndPkw5c3GbvMGQ5g",
  "payload": "e30"
}
2023-10-14 14:00:50,546:DEBUG:urllib3.connectionpool:https://acme-v02.api.letsencrypt.org:443 "POST /acme/chall-v3/273796558926/r5Q1Cw HTTP/1.1" 200 187
2023-10-14 14:00:50,547:DEBUG:acme.client:Received response:
HTTP 200
Server: nginx
Date: Sat, 14 Oct 2023 14:00:50 GMT
Content-Type: application/json
Content-Length: 187
Connection: keep-alive
Boulder-Requester: 1360385506
Cache-Control: public, max-age=0, no-cache
Link: <https://acme-v02.api.letsencrypt.org/directory>;rel="index", <https://acme-v02.api.letsencrypt.org/acme/authz-v3/273796558926>;rel="up"
Location: https://acme-v02.api.letsencrypt.org/acme/chall-v3/273796558926/r5Q1Cw
Replay-Nonce: IAvmRRVVRB54JmN6fLyySxDV15yh0GE8MZ4uovBTj5DKc4ZI19Q
X-Frame-Options: DENY
Strict-Transport-Security: max-age=604800

{
  "type": "http-01",
  "status": "pending",
  "url": "https://acme-v02.api.letsencrypt.org/acme/chall-v3/273796558926/r5Q1Cw",
  "token": "OHR3_oC8YAjiXh2x9LvO0aCcXjuUMbCh4GL89oS3r3w"
}
2023-10-14 14:00:50,547:DEBUG:acme.client:Storing nonce: IAvmRRVVRB54JmN6fLyySxDV15yh0GE8MZ4uovBTj5DKc4ZI19Q
2023-10-14 14:00:50,547:INFO:certbot._internal.auth_handler:Waiting for verification...
2023-10-14 14:00:51,562:DEBUG:acme.client:JWS payload:
b''
2023-10-14 14:00:51,564:DEBUG:acme.client:Sending POST request to https://acme-v02.api.letsencrypt.org/acme/authz-v3/273796558916:
{
  "protected": "eyJhbGciOiAiUlMyNTYiLCAia2lkIjogImh0dHBzOi8vYWNtZS12MDIuYXBpLmxldHNlbmNyeXB0Lm9yZy9hY21lL2FjY3QvMTM2MDM4NTUwNiIsICJub25jZSI6ICJJQXZtUlJWVlJCNTRKbU42Zkx5eVN4RFYxNXloMEdFOE1aNHVvdkJUajVES2M0WkkxOVEiLCAidXJsIjogImh0dHBzOi8vYWNtZS12MDIuYXBpLmxldHNlbmNyeXB0Lm9yZy9hY21lL2F1dGh6LXYzLzI3Mzc5NjU1ODkxNiJ9",
  "signature": "GbXOggULzABq8JAvndl5mETYQhVKCMxNVCr0xcqDkp3cP0-YuljQLSpHWJJkVEnav9Cpo6Gta6lVC1IBzpFWes2JFyZ2zQIXlrEBZB0MQm7SJWbxCtr_iQ2hrCTwJnMUk6q_0EWdsb8Dzm6mTQrpZRSTTtJYlqZcHk9sHpdcvYNtqmgEMinURJdNXXYh3DKWHFMGd56HzAU07aE_c_AH8jFTG_by9zfml6thOI1yGlh-mtOwK4bBWyRShvIlvYrDAxlBQ6gFSJnien6h5KPIi9KldyGQjmuBtQ7Ho9Iu3xcTwBIhxczVmjtDCXR-AMwljtlyRUkb9lHdLcvH-cIRkQ",
  "payload": ""
}
2023-10-14 14:00:51,797:DEBUG:urllib3.connectionpool:https://acme-v02.api.letsencrypt.org:443 "POST /acme/authz-v3/273796558916 HTTP/1.1" 200 None
2023-10-14 14:00:51,798:DEBUG:acme.client:Received response:
HTTP 200
Server: nginx
Date: Sat, 14 Oct 2023 14:00:51 GMT
Content-Type: application/json
Transfer-Encoding: chunked
Connection: keep-alive
Boulder-Requester: 1360385506
Cache-Control: public, max-age=0, no-cache
Link: <https://acme-v02.api.letsencrypt.org/directory>;rel="index"
Replay-Nonce: IAvmRRVVEYQrN_7M_GiiGoXTQV9Iup64OxYBSujQ8IebRlAiwJc
X-Frame-Options: DENY
Strict-Transport-Security: max-age=604800

{
  "identifier": {
    "type": "dns",
    "value": "domain.com"
  },
  "status": "invalid",
  "expires": "2023-10-21T14:00:49Z",
  "challenges": [
    {
      "type": "http-01",
      "status": "invalid",
      "error": {
        "type": "urn:ietf:params:acme:error:unauthorized",
        "detail": "13.57.130.190: Invalid response from https://www.domain.com/?: \"\\n\u003c!DOCTYPE HTML\u003e\\n\u003chtml lang=\\\"en\\\"\u003e\\n    \u003chead\u003e\\n\u003cmeta charset=\\\"UTF-8\\\"/\u003e\\n\u003ctitle\u003eWebsite Domain Names, Online Stores \u0026amp; Hosting | \"",
        "status": 403
      },
      "url": "https://acme-v02.api.letsencrypt.org/acme/chall-v3/273796558916/uOhz7w",
      "token": "V_5vpkXSH1JSnkPbaHdvMrmpIW5uEOp60ds6pE2D2i8",
      "validationRecord": [
        {
          "url": "http://domain.com/.well-known/acme-challenge/V_5vpkXSH1JSnkPbaHdvMrmpIW5uEOp60ds6pE2D2i8",
          "hostname": "domain.com",
          "port": "80",
          "addressesResolved": [
            "13.57.130.190",
            "18.221.195.49"
          ],
          "addressUsed": "13.57.130.190"
        },
        {
          "url": "https://www.domain.com/.well-known/acme-challenge/V_5vpkXSH1JSnkPbaHdvMrmpIW5uEOp60ds6pE2D2i8",
          "hostname": "www.domain.com",
          "port": "443",
          "addressesResolved": [
            "13.57.130.190",
            "18.221.195.49"
          ],
          "addressUsed": "13.57.130.190"
        },
        {
          "url": "http://www.domain.com/?",
          "hostname": "www.domain.com",
          "port": "80",
          "addressesResolved": [
            "18.221.195.49",
            "13.57.130.190"
          ],
          "addressUsed": "18.221.195.49"
        },
        {
          "url": "https://www.domain.com/?",
          "hostname": "www.domain.com",
          "port": "443",
          "addressesResolved": [
            "13.57.130.190",
            "18.221.195.49"
          ],
          "addressUsed": "13.57.130.190"
        }
      ],
      "validated": "2023-10-14T14:00:50Z"
    }
  ]
}
2023-10-14 14:00:51,799:DEBUG:acme.client:Storing nonce: IAvmRRVVEYQrN_7M_GiiGoXTQV9Iup64OxYBSujQ8IebRlAiwJc
2023-10-14 14:00:51,800:DEBUG:acme.client:JWS payload:
b''
2023-10-14 14:00:51,802:DEBUG:acme.client:Sending POST request to https://acme-v02.api.letsencrypt.org/acme/authz-v3/273796558926:
{
  "protected": "eyJhbGciOiAiUlMyNTYiLCAia2lkIjogImh0dHBzOi8vYWNtZS12MDIuYXBpLmxldHNlbmNyeXB0Lm9yZy9hY21lL2FjY3QvMTM2MDM4NTUwNiIsICJub25jZSI6ICJJQXZtUlJWVkVZUXJOXzdNX0dpaUdvWFRRVjlJdXA2NE94WUJTdWpROEllYlJsQWl3SmMiLCAidXJsIjogImh0dHBzOi8vYWNtZS12MDIuYXBpLmxldHNlbmNyeXB0Lm9yZy9hY21lL2F1dGh6LXYzLzI3Mzc5NjU1ODkyNiJ9",
  "signature": "qrJgGHLoSjXs0QgeDFj_6gLliXWw0BVmdAuSD84qo-uS3V_eSdUYEAJzAGf-jxopKyGEB2fQsY_ew-64QKdTZ8b2O2tJzgs1x0wDkFSzxW7IAyZWem_XTX8w0oUzvtWBwL_i9fgSB0z613P5xzLb-o6Pi1t9a3wS_uX7hQOEQMOLUUmFHfYJZKiA9b4VnEX-gDFhBSdP-Db73Dx5iG7MaDCCxsemtvpo5-t3xeOGap9BgYH_bA8OFQ5cqGK60dM-3XWn5bCaeCzsvP5bFASXUMI4wogGz6rjRipk2t9-MkRhyNcamOZ9zYl2ZUiX-_KJZpLm9wXZ6uZ0XSgQhBZHJg",
  "payload": ""
}
2023-10-14 14:00:52,034:DEBUG:urllib3.connectionpool:https://acme-v02.api.letsencrypt.org:443 "POST /acme/authz-v3/273796558926 HTTP/1.1" 200 798
2023-10-14 14:00:52,035:DEBUG:acme.client:Received response:
HTTP 200
Server: nginx
Date: Sat, 14 Oct 2023 14:00:51 GMT
Content-Type: application/json
Content-Length: 798
Connection: keep-alive
Boulder-Requester: 1360385506
Cache-Control: public, max-age=0, no-cache
Link: <https://acme-v02.api.letsencrypt.org/directory>;rel="index"
Replay-Nonce: IAvmRRVV3J6EHaurkTVb5wKRXl6uvSo415uW_D-SS9Xucc3rBuk
X-Frame-Options: DENY
Strict-Transport-Security: max-age=604800

{
  "identifier": {
    "type": "dns",
    "value": "www.domain.com"
  },
  "status": "pending",
  "expires": "2023-10-21T14:00:49Z",
  "challenges": [
    {
      "type": "http-01",
      "status": "pending",
      "url": "https://acme-v02.api.letsencrypt.org/acme/chall-v3/273796558926/r5Q1Cw",
      "token": "OHR3_oC8YAjiXh2x9LvO0aCcXjuUMbCh4GL89oS3r3w"
    },
    {
      "type": "dns-01",
      "status": "pending",
      "url": "https://acme-v02.api.letsencrypt.org/acme/chall-v3/273796558926/uhumRg",
      "token": "OHR3_oC8YAjiXh2x9LvO0aCcXjuUMbCh4GL89oS3r3w"
    },
    {
      "type": "tls-alpn-01",
      "status": "pending",
      "url": "https://acme-v02.api.letsencrypt.org/acme/chall-v3/273796558926/MGvgpg",
      "token": "OHR3_oC8YAjiXh2x9LvO0aCcXjuUMbCh4GL89oS3r3w"
    }
  ]
}
2023-10-14 14:00:52,035:DEBUG:acme.client:Storing nonce: IAvmRRVV3J6EHaurkTVb5wKRXl6uvSo415uW_D-SS9Xucc3rBuk
2023-10-14 14:00:52,036:INFO:certbot._internal.auth_handler:Challenge failed for domain domain.com
2023-10-14 14:00:55,064:DEBUG:acme.client:JWS payload:
b''
2023-10-14 14:00:55,067:DEBUG:acme.client:Sending POST request to https://acme-v02.api.letsencrypt.org/acme/authz-v3/273796558926:
{
  "protected": "eyJhbGciOiAiUlMyNTYiLCAia2lkIjogImh0dHBzOi8vYWNtZS12MDIuYXBpLmxldHNlbmNyeXB0Lm9yZy9hY21lL2FjY3QvMTM2MDM4NTUwNiIsICJub25jZSI6ICJJQXZtUlJWVjNKNkVIYXVya1RWYjV3S1JYbDZ1dlNvNDE1dVdfRC1TUzlYdWNjM3JCdWsiLCAidXJsIjogImh0dHBzOi8vYWNtZS12MDIuYXBpLmxldHNlbmNyeXB0Lm9yZy9hY21lL2F1dGh6LXYzLzI3Mzc5NjU1ODkyNiJ9",
  "signature": "M7AtciXxcHekHsdNvVS-9BoY4GUSrz-UCcGFe59xjI6M98imK2o_l1Rmo6Ul7ciI4Tc6xyyGmksGV5RYVxcFo8EE9VdY0AVQ3F6wXG_AaWIna49Rcc2RoCY11wtPHC0QxNuziuGWgiSQpI9xZFYptN7GHd1ptRgLsonrbturnOZ3H9ueopbp-W1kcs33sF01Pcm97x4PvwU7kR5GzjsaiFXOvyO92DG1QGoCsmKbQDFti05ahAIyrYqpM7CP5bSryvc7Ai78IsTX6woG7PSA9MidogF5NMQqN0GyxIxUA9cMeabdX3cYJQO87R15XHS3O2FgDskkh5HdSBj-4x-f7g",
  "payload": ""
}
2023-10-14 14:00:55,299:DEBUG:urllib3.connectionpool:https://acme-v02.api.letsencrypt.org:443 "POST /acme/authz-v3/273796558926 HTTP/1.1" 200 None
2023-10-14 14:00:55,300:DEBUG:acme.client:Received response:
HTTP 200
Server: nginx
Date: Sat, 14 Oct 2023 14:00:55 GMT
Content-Type: application/json
Transfer-Encoding: chunked
Connection: keep-alive
Boulder-Requester: 1360385506
Cache-Control: public, max-age=0, no-cache
Link: <https://acme-v02.api.letsencrypt.org/directory>;rel="index"
Replay-Nonce: _s_5u1NQZZYwX5piQWQcjsfFMFH415CmyhHVVeR4yhDPCvOp84w
X-Frame-Options: DENY
Strict-Transport-Security: max-age=604800

{
  "identifier": {
    "type": "dns",
    "value": "www.domain.com"
  },
  "status": "invalid",
  "expires": "2023-10-21T14:00:49Z",
  "challenges": [
    {
      "type": "http-01",
      "status": "invalid",
      "error": {
        "type": "urn:ietf:params:acme:error:unauthorized",
        "detail": "13.57.130.190: Invalid response from https://www.domain.com/?: \"\\n\u003c!DOCTYPE HTML\u003e\\n\u003chtml lang=\\\"en\\\"\u003e\\n    \u003chead\u003e\\n\u003cmeta charset=\\\"UTF-8\\\"/\u003e\\n\u003ctitle\u003eWebsite Domain Names, Online Stores \u0026amp; Hosting | \"",
        "status": 403
      },
      "url": "https://acme-v02.api.letsencrypt.org/acme/chall-v3/273796558926/r5Q1Cw",
      "token": "OHR3_oC8YAjiXh2x9LvO0aCcXjuUMbCh4GL89oS3r3w",
      "validationRecord": [
        {
          "url": "http://www.domain.com/.well-known/acme-challenge/OHR3_oC8YAjiXh2x9LvO0aCcXjuUMbCh4GL89oS3r3w",
          "hostname": "www.domain.com",
          "port": "80",
          "addressesResolved": [
            "13.57.130.190",
            "18.221.195.49"
          ],
          "addressUsed": "13.57.130.190"
        },
        {
          "url": "https://www.domain.com/.well-known/acme-challenge/OHR3_oC8YAjiXh2x9LvO0aCcXjuUMbCh4GL89oS3r3w",
          "hostname": "www.domain.com",
          "port": "443",
          "addressesResolved": [
            "18.221.195.49",
            "13.57.130.190"
          ],
          "addressUsed": "18.221.195.49"
        },
        {
          "url": "http://www.domain.com/?",
          "hostname": "www.domain.com",
          "port": "80",
          "addressesResolved": [
            "18.221.195.49",
            "13.57.130.190"
          ],
          "addressUsed": "18.221.195.49"
        },
        {
          "url": "https://www.domain.com/?",
          "hostname": "www.domain.com",
          "port": "443",
          "addressesResolved": [
            "13.57.130.190",
            "18.221.195.49"
          ],
          "addressUsed": "13.57.130.190"
        }
      ],
      "validated": "2023-10-14T14:00:50Z"
    }
  ]
}
2023-10-14 14:00:55,301:DEBUG:acme.client:Storing nonce: _s_5u1NQZZYwX5piQWQcjsfFMFH415CmyhHVVeR4yhDPCvOp84w
2023-10-14 14:00:55,302:INFO:certbot._internal.auth_handler:Challenge failed for domain www.domain.com
2023-10-14 14:00:55,302:INFO:certbot._internal.auth_handler:http-01 challenge for domain.com
2023-10-14 14:00:55,302:INFO:certbot._internal.auth_handler:http-01 challenge for www.domain.com
2023-10-14 14:00:55,302:DEBUG:certbot._internal.display.obj:Notifying user: 
Certbot failed to authenticate some domains (authenticator: webroot). The Certificate Authority reported these problems:
  Domain: domain.com
  Type:   unauthorized
  Detail: 13.57.130.190: Invalid response from https://www.domain.com/?: "\n<!DOCTYPE HTML>\n<html lang=\"en\">\n    <head>\n<meta charset=\"UTF-8\"/>\n<title>Website Domain Names, Online Stores &amp; Hosting | "

  Domain: www.domain.com
  Type:   unauthorized
  Detail: 13.57.130.190: Invalid response from https://www.domain.com/?: "\n<!DOCTYPE HTML>\n<html lang=\"en\">\n    <head>\n<meta charset=\"UTF-8\"/>\n<title>Website Domain Names, Online Stores &amp; Hosting | "

Hint: The Certificate Authority failed to download the temporary challenge files created by Certbot. Ensure that the listed domains serve their content from the provided --webroot-path/-w and that files created there can be downloaded from the internet.

2023-10-14 14:00:55,304:DEBUG:certbot._internal.error_handler:Encountered exception:
Traceback (most recent call last):
  File "/opt/certbot/src/certbot/certbot/_internal/auth_handler.py", line 108, in handle_authorizations
    self._poll_authorizations(authzrs, max_retries, max_time_mins, best_effort)
  File "/opt/certbot/src/certbot/certbot/_internal/auth_handler.py", line 212, in _poll_authorizations
    raise errors.AuthorizationError('Some challenges have failed.')
certbot.errors.AuthorizationError: Some challenges have failed.

2023-10-14 14:00:55,304:DEBUG:certbot._internal.error_handler:Calling registered functions
2023-10-14 14:00:55,304:INFO:certbot._internal.auth_handler:Cleaning up challenges
2023-10-14 14:00:55,305:DEBUG:certbot._internal.plugins.webroot:Removing /var/www/html/.well-known/acme-challenge/V_5vpkXSH1JSnkPbaHdvMrmpIW5uEOp60ds6pE2D2i8
2023-10-14 14:00:55,305:DEBUG:certbot._internal.plugins.webroot:Removing /var/www/html/.well-known/acme-challenge/OHR3_oC8YAjiXh2x9LvO0aCcXjuUMbCh4GL89oS3r3w
2023-10-14 14:00:55,306:DEBUG:certbot._internal.plugins.webroot:All challenges cleaned up
2023-10-14 14:00:55,306:DEBUG:certbot._internal.log:Exiting abnormally:
Traceback (most recent call last):
  File "/usr/local/bin/certbot", line 33, in <module>
    sys.exit(load_entry_point('certbot', 'console_scripts', 'certbot')())
  File "/opt/certbot/src/certbot/certbot/main.py", line 19, in main
    return internal_main.main(cli_args)
  File "/opt/certbot/src/certbot/certbot/_internal/main.py", line 1873, in main
    return config.func(config, plugins)
  File "/opt/certbot/src/certbot/certbot/_internal/main.py", line 1600, in certonly
    lineage = _get_and_save_cert(le_client, config, domains, certname, lineage)
  File "/opt/certbot/src/certbot/certbot/_internal/main.py", line 143, in _get_and_save_cert
    lineage = le_client.obtain_and_enroll_certificate(domains, certname)
  File "/opt/certbot/src/certbot/certbot/_internal/client.py", line 517, in obtain_and_enroll_certificate
    cert, chain, key, _ = self.obtain_certificate(domains)
  File "/opt/certbot/src/certbot/certbot/_internal/client.py", line 428, in obtain_certificate
    orderr = self._get_order_and_authorizations(csr.data, self.config.allow_subset_of_names)
  File "/opt/certbot/src/certbot/certbot/_internal/client.py", line 496, in _get_order_and_authorizations
    authzr = self.auth_handler.handle_authorizations(orderr, self.config, best_effort)
  File "/opt/certbot/src/certbot/certbot/_internal/auth_handler.py", line 108, in handle_authorizations
    self._poll_authorizations(authzrs, max_retries, max_time_mins, best_effort)
  File "/opt/certbot/src/certbot/certbot/_internal/auth_handler.py", line 212, in _poll_authorizations
    raise errors.AuthorizationError('Some challenges have failed.')
certbot.errors.AuthorizationError: Some challenges have failed.
2023-10-14 14:00:55,310:ERROR:certbot._internal.log:Some challenges have failed.
